d:\projects\1ongoing\mobilityrecon\source\mobilityrecon\mobilityrecon\x64\debug\vc120.pdb
d:\projects\1ongoing\mobilityrecon\source\mobilityrecon\mobilityrecon\x64\debug\main.obj
d:\projects\1ongoing\mobilityrecon\source\mobilityrecon\mobilityrecon\x64\debug\moc_paint_canvas.obj
d:\projects\1ongoing\mobilityrecon\source\mobilityrecon\mobilityrecon\x64\debug\moc_main_window.obj
d:\projects\1ongoing\mobilityrecon\source\mobilityrecon\mobilityrecon\x64\debug\main_window.obj
d:\projects\1ongoing\mobilityrecon\source\mobilityrecon\mobilityrecon\x64\debug\paint_canvas.obj
d:\projects\1ongoing\mobilityrecon\source\mobilityrecon\mobilityrecon\x64\debug\qrc_main_window.obj
d:\projects\1ongoing\mobilityrecon\source\mobilityrecon\mobilityrecon\generatedfiles\debug\moc_main_window.cpp
d:\projects\1ongoing\mobilityrecon\source\mobilityrecon\mobilityrecon\generatedfiles\ui_main_window.h
d:\projects\1ongoing\mobilityrecon\source\mobilityrecon\mobilityrecon\generatedfiles\debug\moc_paint_canvas.cpp
d:\projects\1ongoing\mobilityrecon\source\mobilityrecon\mobilityrecon\generatedfiles\qrc_main_window.cpp
d:\projects\1ongoing\mobilityrecon\source\mobilityrecon\x64\debug\mobilityrecon.ilk
d:\projects\1ongoing\mobilityrecon\source\mobilityrecon\x64\debug\mobilityrecon.exe
d:\projects\1ongoing\mobilityrecon\source\mobilityrecon\x64\debug\mobilityrecon.pdb
d:\projects\1ongoing\mobilityrecon\source\mobilityrecon\mobilityrecon\x64\debug\mobilityrecon.tlog\cl.command.1.tlog
d:\projects\1ongoing\mobilityrecon\source\mobilityrecon\mobilityrecon\x64\debug\mobilityrecon.tlog\cl.read.1.tlog
d:\projects\1ongoing\mobilityrecon\source\mobilityrecon\mobilityrecon\x64\debug\mobilityrecon.tlog\cl.write.1.tlog
d:\projects\1ongoing\mobilityrecon\source\mobilityrecon\mobilityrecon\x64\debug\mobilityrecon.tlog\custombuild.command.1.tlog
d:\projects\1ongoing\mobilityrecon\source\mobilityrecon\mobilityrecon\x64\debug\mobilityrecon.tlog\custombuild.read.1.tlog
d:\projects\1ongoing\mobilityrecon\source\mobilityrecon\mobilityrecon\x64\debug\mobilityrecon.tlog\custombuild.write.1.tlog
d:\projects\1ongoing\mobilityrecon\source\mobilityrecon\mobilityrecon\x64\debug\mobilityrecon.tlog\link.command.1.tlog
d:\projects\1ongoing\mobilityrecon\source\mobilityrecon\mobilityrecon\x64\debug\mobilityrecon.tlog\link.read.1.tlog
d:\projects\1ongoing\mobilityrecon\source\mobilityrecon\mobilityrecon\x64\debug\mobilityrecon.tlog\link.write.1.tlog
