生成启动时间为 2015/8/13 12:57:27。
     1>项目“D:\projects\1ongoing\MobilityRecon\source\MobilityRecon\MobilityRecon\MobilityRecon.vcxproj”在节点 2 上(Build 个目标)。
     1>CustomBuild:
         Moc'ing main_window.h...
         Uic'ing main_window.ui...
         Moc'ing paint_canvas.h...
         Rcc'ing main_window.qrc...
     1>RCC : warning : No resources in 'D:\projects\1ongoing\MobilityRecon\source\MobilityRecon\MobilityRecon\main_window.qrc'.
         
       ClCompile:
         D:\tool\vs2013\VC\bin\x86_amd64\CL.exe /c /I.\GeneratedFiles /I. /ID:\Develop\Qt5.5.0\5.5\msvc2013_64\include /I.\GeneratedFiles\Release /ID:\Develop\Qt5.5.0\5.5\msvc2013_64\include\QtCore /ID:\Develop\Qt5.5.0\5.5\msvc2013_64\include\QtGui /ID:\Develop\Qt5.5.0\5.5\msvc2013_64\include\QtOpenGL /ID:\Develop\Qt5.5.0\5.5\msvc2013_64\include\QtWidgets /ID:\Develop\Qt5.5.0\5.5\msvc2013_64\include\QtXml /nologo /W1 /WX- /O2 /D UNICODE /D WIN32 /D WIN64 /D QT_DLL /D QT_NO_DEBUG /D NDEBUG /D QT_CORE_LIB /D QT_GUI_LIB /D QT_OPENGL_LIB /D QT_WIDGETS_LIB /Gm- /EHsc /MD /GS /fp:precise /Zc:wchar_t /Zc:forScope /Fo"x64\Release\\" /Fd"x64\Release\vc120.pdb" /Gd /TP /errorReport:prompt GeneratedFiles\qrc_main_window.cpp
         qrc_main_window.cpp
         D:\tool\vs2013\VC\bin\x86_amd64\CL.exe /c /I.\GeneratedFiles /I. /ID:\Develop\Qt5.5.0\5.5\msvc2013_64\include /I.\GeneratedFiles\Release /ID:\Develop\Qt5.5.0\5.5\msvc2013_64\include\QtCore /ID:\Develop\Qt5.5.0\5.5\msvc2013_64\include\QtGui /ID:\Develop\Qt5.5.0\5.5\msvc2013_64\include\QtOpenGL /ID:\Develop\Qt5.5.0\5.5\msvc2013_64\include\QtWidgets /ID:\Develop\Qt5.5.0\5.5\msvc2013_64\include\QtXml /nologo /W1 /WX- /O2 /D UNICODE /D WIN32 /D WIN64 /D QT_DLL /D QT_NO_DEBUG /D NDEBUG /D QT_CORE_LIB /D QT_GUI_LIB /D QT_OPENGL_LIB /D QT_WIDGETS_LIB /Gm- /EHsc /MD /GS /fp:precise /Zc:wchar_t /Zc:forScope /Fo"x64\Release\\" /Fd"x64\Release\vc120.pdb" /Gd /TP /errorReport:prompt GeneratedFiles\Release\moc_main_window.cpp GeneratedFiles\Release\moc_paint_canvas.cpp main.cpp main_window.cpp paint_canvas.cpp
         moc_main_window.cpp
         moc_paint_canvas.cpp
         main.cpp
         main_window.cpp
         paint_canvas.cpp
         正在生成代码...
       Link:
         D:\tool\vs2013\VC\bin\x86_amd64\link.exe /ERRORREPORT:PROMPT /OUT:"D:\projects\1ongoing\MobilityRecon\source\MobilityRecon\x64\Release\\MobilityRecon.exe" /NOLOGO /LIBPATH:D:\Develop\Qt5.5.0\5.5\msvc2013_64\lib /LIBPATH:..\x64\Release qtmain.lib Qt5Core.lib Qt5Gui.lib Qt5OpenGL.lib opengl32.lib glu32.lib Qt5Widgets.lib 3rd_qglviewer.lib basic.lib file_io.lib geom.lib renderer.lib opengl.lib kernel32.lib user32.lib gdi32.lib winspool.lib comdlg32.lib advapi32.lib shell32.lib ole32.lib oleaut32.lib uuid.lib odbc32.lib odbccp32.lib /MANIFEST /MANIFESTUAC:"level='asInvoker' uiAccess='false'" /manifest:embed /PDB:"D:\projects\1ongoing\MobilityRecon\source\MobilityRecon\x64\Release\MobilityRecon.pdb" /SUBSYSTEM:CONSOLE /TLBID:1 /DYNAMICBASE /NXCOMPAT /IMPLIB:"D:\projects\1ongoing\MobilityRecon\source\MobilityRecon\x64\Release\MobilityRecon.lib" /MACHINE:X64 x64\Release\qrc_main_window.obj
         x64\Release\moc_main_window.obj
         x64\Release\moc_paint_canvas.obj
         x64\Release\main.obj
         x64\Release\main_window.obj
         x64\Release\paint_canvas.obj
         MobilityRecon.vcxproj -> D:\projects\1ongoing\MobilityRecon\source\MobilityRecon\x64\Release\MobilityRecon.exe
     1>已完成生成项目“D:\projects\1ongoing\MobilityRecon\source\MobilityRecon\MobilityRecon\MobilityRecon.vcxproj”(Build 个目标)的操作。

生成成功。

已用时间 00:00:08.55
